2026-04-22 13:33:23 | INFO     | orders | Placing BUY MARKET order | symbol=BTCUSDT qty=0.001 price=None stop=None
2026-04-22 13:33:23 | DEBUG    | client | POST https://testnet.binancefuture.com/fapi/v1/order  params={'symbol': 'BTCUSDT', 'side': 'BUY', 'type': 'MARKET', 'quantity': 0.001, 'timestamp': 1776845003390}
2026-04-22 13:33:24 | DEBUG    | client | Response [200]: {"orderId":13060639946,"symbol":"BTCUSDT","status":"NEW","clientOrderId":"dDNTRbbw1d2EPe2nDsv6aa","price":"0.00","avgPrice":"0.00","origQty":"0.0010","executedQty":"0.0000","cumQty":"0.0000","cumQuote":"0.000000","timeInForce":"GTC","type":"MARKET","reduceOnly":false,"closePosition":false,"side":"BUY","positionSide":"BOTH","stopPrice":"0.00","workingType":"CONTRACT_PRICE","priceProtect":false,"origType":"MARKET","priceMatch":"NONE","selfTradePreventionMode":"EXPIRE_MAKER","goodTillDate":0,"updateTime":1776845008290}
2026-04-22 13:33:24 | INFO     | orders | Order placed successfully | orderId=13060639946 status=NEW
2026-04-22 13:33:24 | INFO     | cli | Full response: {"orderId": 13060639946, "symbol": "BTCUSDT", "status": "NEW", "clientOrderId": "dDNTRbbw1d2EPe2nDsv6aa", "price": "0.00", "avgPrice": "0.00", "origQty": "0.0010", "executedQty": "0.0000", "cumQty": "0.0000", "cumQuote": "0.000000", "timeInForce": "GTC", "type": "MARKET", "reduceOnly": false, "closePosition": false, "side": "BUY", "positionSide": "BOTH", "stopPrice": "0.00", "workingType": "CONTRACT_PRICE", "priceProtect": false, "origType": "MARKET", "priceMatch": "NONE", "selfTradePreventionMode": "EXPIRE_MAKER", "goodTillDate": 0, "updateTime": 1776845008290}
2026-04-22 13:33:51 | INFO     | orders | Placing SELL LIMIT order | symbol=BTCUSDT qty=0.001 price=999999.0 stop=None
2026-04-22 13:33:51 | DEBUG    | client | POST https://testnet.binancefuture.com/fapi/v1/order  params={'symbol': 'BTCUSDT', 'side': 'SELL', 'type': 'LIMIT', 'quantity': 0.001, 'price': 999999.0, 'timeInForce': 'GTC', 'timestamp': 1776845031220}
2026-04-22 13:33:51 | DEBUG    | client | Response [400]: {"code":-4002,"msg":"Price greater than max price."}
2026-04-22 13:33:51 | ERROR    | client | API error -4002: Price greater than max price.
2026-04-22 13:33:51 | ERROR    | cli | API error: Binance API error -4002: Price greater than max price.
2026-04-22 13:45:11 | INFO     | orders | Placing SELL LIMIT order | symbol=BTCUSDT qty=0.001 price=120000.0 stop=None
2026-04-22 13:45:11 | DEBUG    | client | POST https://testnet.binancefuture.com/fapi/v1/order  params={'symbol': 'BTCUSDT', 'side': 'SELL', 'type': 'LIMIT', 'quantity': 0.001, 'price': 120000.0, 'timeInForce': 'GTC', 'timestamp': 1776845711819}
2026-04-22 13:45:12 | DEBUG    | client | Response [200]: {"orderId":13060665770,"symbol":"BTCUSDT","status":"NEW","clientOrderId":"9HztOAs6Rs2vfb8g67vcRc","price":"120000.00","avgPrice":"0.00","origQty":"0.0010","executedQty":"0.0000","cumQty":"0.0000","cumQuote":"0.000000","timeInForce":"GTC","type":"LIMIT","reduceOnly":false,"closePosition":false,"side":"SELL","positionSide":"BOTH","stopPrice":"0.00","workingType":"CONTRACT_PRICE","priceProtect":false,"origType":"LIMIT","priceMatch":"NONE","selfTradePreventionMode":"EXPIRE_MAKER","goodTillDate":0,"updateTime":1776845716591}
2026-04-22 13:45:12 | INFO     | orders | Order placed successfully | orderId=13060665770 status=NEW
2026-04-22 13:45:12 | INFO     | cli | Full response: {"orderId": 13060665770, "symbol": "BTCUSDT", "status": "NEW", "clientOrderId": "9HztOAs6Rs2vfb8g67vcRc", "price": "120000.00", "avgPrice": "0.00", "origQty": "0.0010", "executedQty": "0.0000", "cumQty": "0.0000", "cumQuote": "0.000000", "timeInForce": "GTC", "type": "LIMIT", "reduceOnly": false, "closePosition": false, "side": "SELL", "positionSide": "BOTH", "stopPrice": "0.00", "workingType": "CONTRACT_PRICE", "priceProtect": false, "origType": "LIMIT", "priceMatch": "NONE", "selfTradePreventionMode": "EXPIRE_MAKER", "goodTillDate": 0, "updateTime": 1776845716591}
2026-04-22 14:04:35 | INFO     | orders | Placing BUY STOP_MARKET order | symbol=BTCUSDT qty=0.001 price=None stop=50000.0
2026-04-22 14:04:35 | DEBUG    | client | POST https://testnet.binancefuture.com/fapi/v1/order  params={'symbol': 'BTCUSDT', 'side': 'BUY', 'type': 'STOP_MARKET', 'quantity': 0.001, 'stopPrice': 50000.0, 'timestamp': 1776846875827}
2026-04-22 14:04:36 | DEBUG    | client | Response [400]: {"code":-4120,"msg":"Order type not supported for this endpoint. Please use the Algo Order API endpoints instead."}
2026-04-22 14:04:36 | ERROR    | client | API error -4120: Order type not supported for this endpoint. Please use the Algo Order API endpoints instead.
2026-04-22 14:04:36 | ERROR    | cli | API error: Binance API error -4120: Order type not supported for this endpoint. Please use the Algo Order API endpoints instead.
2026-04-22 20:06:10 | WARNING  | cli | Validation error: --price is required for LIMIT orders.
2026-04-22 20:39:24 | INFO     | orders | Placing BUY MARKET order | symbol=BTCUSDT qty=0.001 price=None stop=None
2026-04-22 20:39:24 | DEBUG    | client | POST https://testnet.binancefuture.com/fapi/v1/order  params={'symbol': 'BTCUSDT', 'side': 'BUY', 'type': 'MARKET', 'quantity': 0.001, 'timestamp': 1776870564294}
2026-04-22 20:39:26 | DEBUG    | client | Response [400]: {"code":-1021,"msg":"Timestamp for this request is outside of the recvWindow."}
2026-04-22 20:39:26 | ERROR    | client | API error -1021: Timestamp for this request is outside of the recvWindow.
2026-04-22 20:39:26 | ERROR    | cli | API error: Binance API error -1021: Timestamp for this request is outside of the recvWindow.
2026-04-22 20:39:44 | INFO     | orders | Placing SELL LIMIT order | symbol=BTCUSDT qty=0.001 price=120000.0 stop=None
2026-04-22 20:39:44 | DEBUG    | client | POST https://testnet.binancefuture.com/fapi/v1/order  params={'symbol': 'BTCUSDT', 'side': 'SELL', 'type': 'LIMIT', 'quantity': 0.001, 'price': 120000.0, 'timeInForce': 'GTC', 'timestamp': 1776870584590}
2026-04-22 20:39:44 | DEBUG    | client | Response [400]: {"code":-1021,"msg":"Timestamp for this request is outside of the recvWindow."}
2026-04-22 20:39:44 | ERROR    | client | API error -1021: Timestamp for this request is outside of the recvWindow.
2026-04-22 20:39:44 | ERROR    | cli | API error: Binance API error -1021: Timestamp for this request is outside of the recvWindow.
2026-04-22 20:40:47 | INFO     | orders | Placing BUY STOP_MARKET order | symbol=BTCUSDT qty=0.001 price=None stop=50000.0
2026-04-22 20:40:47 | DEBUG    | client | POST https://testnet.binancefuture.com/fapi/v1/order  params={'symbol': 'BTCUSDT', 'side': 'BUY', 'type': 'STOP_MARKET', 'quantity': 0.001, 'stopPrice': 50000.0, 'timestamp': 1776870647027}
2026-04-22 20:40:47 | DEBUG    | client | Response [400]: {"code":-1021,"msg":"Timestamp for this request is outside of the recvWindow."}
2026-04-22 20:40:47 | ERROR    | client | API error -1021: Timestamp for this request is outside of the recvWindow.
2026-04-22 20:40:47 | ERROR    | cli | API error: Binance API error -1021: Timestamp for this request is outside of the recvWindow.
2026-04-22 20:45:37 | INFO     | orders | Placing BUY MARKET order | symbol=BTCUSDT qty=0.001 price=None stop=None
2026-04-22 20:45:37 | DEBUG    | client | POST https://testnet.binancefuture.com/fapi/v1/order  params={'symbol': 'BTCUSDT', 'side': 'BUY', 'type': 'MARKET', 'quantity': 0.001, 'timestamp': 1776870937990}
2026-04-22 20:45:38 | DEBUG    | client | Response [400]: {"code":-1021,"msg":"Timestamp for this request is outside of the recvWindow."}
2026-04-22 20:45:38 | ERROR    | client | API error -1021: Timestamp for this request is outside of the recvWindow.
2026-04-22 20:45:38 | ERROR    | cli | API error: Binance API error -1021: Timestamp for this request is outside of the recvWindow.
2026-04-22 20:45:55 | INFO     | orders | Placing SELL LIMIT order | symbol=BTCUSDT qty=0.001 price=120000.0 stop=None
2026-04-22 20:45:55 | DEBUG    | client | POST https://testnet.binancefuture.com/fapi/v1/order  params={'symbol': 'BTCUSDT', 'side': 'SELL', 'type': 'LIMIT', 'quantity': 0.001, 'price': 120000.0, 'timeInForce': 'GTC', 'timestamp': 1776870955790}
2026-04-22 20:45:56 | DEBUG    | client | Response [400]: {"code":-1021,"msg":"Timestamp for this request is outside of the recvWindow."}
2026-04-22 20:45:56 | ERROR    | client | API error -1021: Timestamp for this request is outside of the recvWindow.
2026-04-22 20:45:56 | ERROR    | cli | API error: Binance API error -1021: Timestamp for this request is outside of the recvWindow.
2026-04-22 20:46:03 | INFO     | orders | Placing BUY STOP_MARKET order | symbol=BTCUSDT qty=0.001 price=None stop=50000.0
2026-04-22 20:46:03 | DEBUG    | client | POST https://testnet.binancefuture.com/fapi/v1/order  params={'symbol': 'BTCUSDT', 'side': 'BUY', 'type': 'STOP_MARKET', 'quantity': 0.001, 'stopPrice': 50000.0, 'timestamp': 1776870963659}
2026-04-22 20:46:04 | DEBUG    | client | Response [400]: {"code":-1021,"msg":"Timestamp for this request is outside of the recvWindow."}
2026-04-22 20:46:04 | ERROR    | client | API error -1021: Timestamp for this request is outside of the recvWindow.
2026-04-22 20:46:04 | ERROR    | cli | API error: Binance API error -1021: Timestamp for this request is outside of the recvWindow.
2026-04-22 20:50:54 | INFO     | orders | Placing BUY MARKET order | symbol=BTCUSDT qty=0.001 price=None stop=None
2026-04-22 20:50:54 | DEBUG    | client | POST https://testnet.binancefuture.com/fapi/v1/order  params={'symbol': 'BTCUSDT', 'side': 'BUY', 'type': 'MARKET', 'quantity': 0.001, 'timestamp': 1776871254857}
2026-04-22 20:50:55 | DEBUG    | client | Response [400]: {"code":-1021,"msg":"Timestamp for this request is outside of the recvWindow."}
2026-04-22 20:50:55 | ERROR    | client | API error -1021: Timestamp for this request is outside of the recvWindow.
2026-04-22 20:50:55 | ERROR    | cli | API error: Binance API error -1021: Timestamp for this request is outside of the recvWindow.
2026-04-22 20:53:15 | INFO     | orders | Placing BUY MARKET order | symbol=BTCUSDT qty=0.001 price=None stop=None
2026-04-22 20:53:15 | DEBUG    | client | POST https://testnet.binancefuture.com/fapi/v1/order  params={'symbol': 'BTCUSDT', 'side': 'BUY', 'type': 'MARKET', 'quantity': 0.001, 'timestamp': 1776871395060}
2026-04-22 20:53:15 | DEBUG    | client | Response [200]: {"orderId":13061852297,"symbol":"BTCUSDT","status":"NEW","clientOrderId":"UvFjEocgkEaogxYfknYj4V","price":"0.00","avgPrice":"0.00","origQty":"0.0010","executedQty":"0.0000","cumQty":"0.0000","cumQuote":"0.000000","timeInForce":"GTC","type":"MARKET","reduceOnly":false,"closePosition":false,"side":"BUY","positionSide":"BOTH","stopPrice":"0.00","workingType":"CONTRACT_PRICE","priceProtect":false,"origType":"MARKET","priceMatch":"NONE","selfTradePreventionMode":"EXPIRE_MAKER","goodTillDate":0,"updateTime":1776871395336}
2026-04-22 20:53:15 | INFO     | orders | Order placed successfully | orderId=13061852297 status=NEW
2026-04-22 20:53:15 | INFO     | cli | Full response: {"orderId": 13061852297, "symbol": "BTCUSDT", "status": "NEW", "clientOrderId": "UvFjEocgkEaogxYfknYj4V", "price": "0.00", "avgPrice": "0.00", "origQty": "0.0010", "executedQty": "0.0000", "cumQty": "0.0000", "cumQuote": "0.000000", "timeInForce": "GTC", "type": "MARKET", "reduceOnly": false, "closePosition": false, "side": "BUY", "positionSide": "BOTH", "stopPrice": "0.00", "workingType": "CONTRACT_PRICE", "priceProtect": false, "origType": "MARKET", "priceMatch": "NONE", "selfTradePreventionMode": "EXPIRE_MAKER", "goodTillDate": 0, "updateTime": 1776871395336}
2026-04-22 20:53:26 | INFO     | orders | Placing SELL LIMIT order | symbol=BTCUSDT qty=0.001 price=120000.0 stop=None
2026-04-22 20:53:26 | DEBUG    | client | POST https://testnet.binancefuture.com/fapi/v1/order  params={'symbol': 'BTCUSDT', 'side': 'SELL', 'type': 'LIMIT', 'quantity': 0.001, 'price': 120000.0, 'timeInForce': 'GTC', 'timestamp': 1776871406909}
2026-04-22 20:53:27 | DEBUG    | client | Response [200]: {"orderId":13061852723,"symbol":"BTCUSDT","status":"NEW","clientOrderId":"yTteB3qvXVNPPdVyegTzmi","price":"120000.00","avgPrice":"0.00","origQty":"0.0010","executedQty":"0.0000","cumQty":"0.0000","cumQuote":"0.000000","timeInForce":"GTC","type":"LIMIT","reduceOnly":false,"closePosition":false,"side":"SELL","positionSide":"BOTH","stopPrice":"0.00","workingType":"CONTRACT_PRICE","priceProtect":false,"origType":"LIMIT","priceMatch":"NONE","selfTradePreventionMode":"EXPIRE_MAKER","goodTillDate":0,"updateTime":1776871407193}
2026-04-22 20:53:27 | INFO     | orders | Order placed successfully | orderId=13061852723 status=NEW
2026-04-22 20:53:27 | INFO     | cli | Full response: {"orderId": 13061852723, "symbol": "BTCUSDT", "status": "NEW", "clientOrderId": "yTteB3qvXVNPPdVyegTzmi", "price": "120000.00", "avgPrice": "0.00", "origQty": "0.0010", "executedQty": "0.0000", "cumQty": "0.0000", "cumQuote": "0.000000", "timeInForce": "GTC", "type": "LIMIT", "reduceOnly": false, "closePosition": false, "side": "SELL", "positionSide": "BOTH", "stopPrice": "0.00", "workingType": "CONTRACT_PRICE", "priceProtect": false, "origType": "LIMIT", "priceMatch": "NONE", "selfTradePreventionMode": "EXPIRE_MAKER", "goodTillDate": 0, "updateTime": 1776871407193}
2026-04-22 20:54:56 | INFO     | orders | Placing BUY STOP_MARKET order | symbol=BTCUSDT qty=0.001 price=None stop=50000.0
2026-04-22 20:54:56 | DEBUG    | client | POST https://testnet.binancefuture.com/fapi/v1/order  params={'symbol': 'BTCUSDT', 'side': 'BUY', 'type': 'STOP_MARKET', 'quantity': 0.001, 'stopPrice': 50000.0, 'timestamp': 1776871496488}
2026-04-22 20:54:56 | DEBUG    | client | Response [400]: {"code":-4120,"msg":"Order type not supported for this endpoint. Please use the Algo Order API endpoints instead."}
2026-04-22 20:54:56 | ERROR    | client | API error -4120: Order type not supported for this endpoint. Please use the Algo Order API endpoints instead.
2026-04-22 20:54:56 | ERROR    | cli | API error: Binance API error -4120: Order type not supported for this endpoint. Please use the Algo Order API endpoints instead.
2026-04-22 20:58:16 | INFO     | orders | Placing SELL LIMIT order | symbol=BTCUSDT qty=0.001 price=200000.0 stop=None
2026-04-22 20:58:16 | DEBUG    | client | POST https://testnet.binancefuture.com/fapi/v1/order  params={'symbol': 'BTCUSDT', 'side': 'SELL', 'type': 'LIMIT', 'quantity': 0.001, 'price': 200000.0, 'timeInForce': 'GTC', 'timestamp': 1776871696490}
2026-04-22 20:58:17 | DEBUG    | client | Response [200]: {"orderId":13061864019,"symbol":"BTCUSDT","status":"NEW","clientOrderId":"53cJozRq7O7YT3eMFlRYYp","price":"200000.00","avgPrice":"0.00","origQty":"0.0010","executedQty":"0.0000","cumQty":"0.0000","cumQuote":"0.000000","timeInForce":"GTC","type":"LIMIT","reduceOnly":false,"closePosition":false,"side":"SELL","positionSide":"BOTH","stopPrice":"0.00","workingType":"CONTRACT_PRICE","priceProtect":false,"origType":"LIMIT","priceMatch":"NONE","selfTradePreventionMode":"EXPIRE_MAKER","goodTillDate":0,"updateTime":1776871697106}
2026-04-22 20:58:17 | INFO     | orders | Order placed successfully | orderId=13061864019 status=NEW
2026-04-22 20:58:17 | INFO     | cli | Full response: {"orderId": 13061864019, "symbol": "BTCUSDT", "status": "NEW", "clientOrderId": "53cJozRq7O7YT3eMFlRYYp", "price": "200000.00", "avgPrice": "0.00", "origQty": "0.0010", "executedQty": "0.0000", "cumQty": "0.0000", "cumQuote": "0.000000", "timeInForce": "GTC", "type": "LIMIT", "reduceOnly": false, "closePosition": false, "side": "SELL", "positionSide": "BOTH", "stopPrice": "0.00", "workingType": "CONTRACT_PRICE", "priceProtect": false, "origType": "LIMIT", "priceMatch": "NONE", "selfTradePreventionMode": "EXPIRE_MAKER", "goodTillDate": 0, "updateTime": 1776871697106}
2026-04-22 20:58:54 | INFO     | orders | Placing SELL LIMIT order | symbol=BTCUSDT qty=0.001 price=900000.0 stop=None
2026-04-22 20:58:54 | DEBUG    | client | POST https://testnet.binancefuture.com/fapi/v1/order  params={'symbol': 'BTCUSDT', 'side': 'SELL', 'type': 'LIMIT', 'quantity': 0.001, 'price': 900000.0, 'timeInForce': 'GTC', 'timestamp': 1776871734448}
2026-04-22 20:58:54 | DEBUG    | client | Response [400]: {"code":-4002,"msg":"Price greater than max price."}
2026-04-22 20:58:54 | ERROR    | client | API error -4002: Price greater than max price.
2026-04-22 20:58:54 | ERROR    | cli | API error: Binance API error -4002: Price greater than max price.
2026-04-22 20:59:34 | INFO     | orders | Placing SELL LIMIT order | symbol=BTCUSDT qty=0.001 price=300000.0 stop=None
2026-04-22 20:59:34 | DEBUG    | client | POST https://testnet.binancefuture.com/fapi/v1/order  params={'symbol': 'BTCUSDT', 'side': 'SELL', 'type': 'LIMIT', 'quantity': 0.001, 'price': 300000.0, 'timeInForce': 'GTC', 'timestamp': 1776871774631}
2026-04-22 20:59:35 | DEBUG    | client | Response [200]: {"orderId":13061867049,"symbol":"BTCUSDT","status":"NEW","clientOrderId":"UOMhLpx9h77KQouYHWrBCM","price":"300000.00","avgPrice":"0.00","origQty":"0.0010","executedQty":"0.0000","cumQty":"0.0000","cumQuote":"0.000000","timeInForce":"GTC","type":"LIMIT","reduceOnly":false,"closePosition":false,"side":"SELL","positionSide":"BOTH","stopPrice":"0.00","workingType":"CONTRACT_PRICE","priceProtect":false,"origType":"LIMIT","priceMatch":"NONE","selfTradePreventionMode":"EXPIRE_MAKER","goodTillDate":0,"updateTime":1776871775311}
2026-04-22 20:59:35 | INFO     | orders | Order placed successfully | orderId=13061867049 status=NEW
2026-04-22 20:59:35 | INFO     | cli | Full response: {"orderId": 13061867049, "symbol": "BTCUSDT", "status": "NEW", "clientOrderId": "UOMhLpx9h77KQouYHWrBCM", "price": "300000.00", "avgPrice": "0.00", "origQty": "0.0010", "executedQty": "0.0000", "cumQty": "0.0000", "cumQuote": "0.000000", "timeInForce": "GTC", "type": "LIMIT", "reduceOnly": false, "closePosition": false, "side": "SELL", "positionSide": "BOTH", "stopPrice": "0.00", "workingType": "CONTRACT_PRICE", "priceProtect": false, "origType": "LIMIT", "priceMatch": "NONE", "selfTradePreventionMode": "EXPIRE_MAKER", "goodTillDate": 0, "updateTime": 1776871775311}
2026-04-22 20:59:42 | INFO     | orders | Placing SELL LIMIT order | symbol=BTCUSDT qty=0.001 price=400000.0 stop=None
2026-04-22 20:59:42 | DEBUG    | client | POST https://testnet.binancefuture.com/fapi/v1/order  params={'symbol': 'BTCUSDT', 'side': 'SELL', 'type': 'LIMIT', 'quantity': 0.001, 'price': 400000.0, 'timeInForce': 'GTC', 'timestamp': 1776871782304}
2026-04-22 20:59:42 | DEBUG    | client | Response [200]: {"orderId":13061867339,"symbol":"BTCUSDT","status":"NEW","clientOrderId":"BRy6ubRFqkSb3p6dGxOUmx","price":"400000.00","avgPrice":"0.00","origQty":"0.0010","executedQty":"0.0000","cumQty":"0.0000","cumQuote":"0.000000","timeInForce":"GTC","type":"LIMIT","reduceOnly":false,"closePosition":false,"side":"SELL","positionSide":"BOTH","stopPrice":"0.00","workingType":"CONTRACT_PRICE","priceProtect":false,"origType":"LIMIT","priceMatch":"NONE","selfTradePreventionMode":"EXPIRE_MAKER","goodTillDate":0,"updateTime":1776871782893}
2026-04-22 20:59:42 | INFO     | orders | Order placed successfully | orderId=13061867339 status=NEW
2026-04-22 20:59:42 | INFO     | cli | Full response: {"orderId": 13061867339, "symbol": "BTCUSDT", "status": "NEW", "clientOrderId": "BRy6ubRFqkSb3p6dGxOUmx", "price": "400000.00", "avgPrice": "0.00", "origQty": "0.0010", "executedQty": "0.0000", "cumQty": "0.0000", "cumQuote": "0.000000", "timeInForce": "GTC", "type": "LIMIT", "reduceOnly": false, "closePosition": false, "side": "SELL", "positionSide": "BOTH", "stopPrice": "0.00", "workingType": "CONTRACT_PRICE", "priceProtect": false, "origType": "LIMIT", "priceMatch": "NONE", "selfTradePreventionMode": "EXPIRE_MAKER", "goodTillDate": 0, "updateTime": 1776871782893}
2026-04-22 20:59:49 | INFO     | orders | Placing SELL LIMIT order | symbol=BTCUSDT qty=0.001 price=500000.0 stop=None
2026-04-22 20:59:49 | DEBUG    | client | POST https://testnet.binancefuture.com/fapi/v1/order  params={'symbol': 'BTCUSDT', 'side': 'SELL', 'type': 'LIMIT', 'quantity': 0.001, 'price': 500000.0, 'timeInForce': 'GTC', 'timestamp': 1776871789802}
2026-04-22 20:59:50 | DEBUG    | client | Response [200]: {"orderId":13061867606,"symbol":"BTCUSDT","status":"NEW","clientOrderId":"Te3RHck9HtLy9LAo7lK6KR","price":"500000.00","avgPrice":"0.00","origQty":"0.0010","executedQty":"0.0000","cumQty":"0.0000","cumQuote":"0.000000","timeInForce":"GTC","type":"LIMIT","reduceOnly":false,"closePosition":false,"side":"SELL","positionSide":"BOTH","stopPrice":"0.00","workingType":"CONTRACT_PRICE","priceProtect":false,"origType":"LIMIT","priceMatch":"NONE","selfTradePreventionMode":"EXPIRE_MAKER","goodTillDate":0,"updateTime":1776871790378}
2026-04-22 20:59:50 | INFO     | orders | Order placed successfully | orderId=13061867606 status=NEW
2026-04-22 20:59:50 | INFO     | cli | Full response: {"orderId": 13061867606, "symbol": "BTCUSDT", "status": "NEW", "clientOrderId": "Te3RHck9HtLy9LAo7lK6KR", "price": "500000.00", "avgPrice": "0.00", "origQty": "0.0010", "executedQty": "0.0000", "cumQty": "0.0000", "cumQuote": "0.000000", "timeInForce": "GTC", "type": "LIMIT", "reduceOnly": false, "closePosition": false, "side": "SELL", "positionSide": "BOTH", "stopPrice": "0.00", "workingType": "CONTRACT_PRICE", "priceProtect": false, "origType": "LIMIT", "priceMatch": "NONE", "selfTradePreventionMode": "EXPIRE_MAKER", "goodTillDate": 0, "updateTime": 1776871790378}
2026-04-22 20:59:56 | INFO     | orders | Placing SELL LIMIT order | symbol=BTCUSDT qty=0.001 price=600000.0 stop=None
2026-04-22 20:59:56 | DEBUG    | client | POST https://testnet.binancefuture.com/fapi/v1/order  params={'symbol': 'BTCUSDT', 'side': 'SELL', 'type': 'LIMIT', 'quantity': 0.001, 'price': 600000.0, 'timeInForce': 'GTC', 'timestamp': 1776871796061}
2026-04-22 20:59:56 | DEBUG    | client | Response [200]: {"orderId":13061867818,"symbol":"BTCUSDT","status":"NEW","clientOrderId":"eI8c16dmv4ItToCYdafYlG","price":"600000.00","avgPrice":"0.00","origQty":"0.0010","executedQty":"0.0000","cumQty":"0.0000","cumQuote":"0.000000","timeInForce":"GTC","type":"LIMIT","reduceOnly":false,"closePosition":false,"side":"SELL","positionSide":"BOTH","stopPrice":"0.00","workingType":"CONTRACT_PRICE","priceProtect":false,"origType":"LIMIT","priceMatch":"NONE","selfTradePreventionMode":"EXPIRE_MAKER","goodTillDate":0,"updateTime":1776871796608}
2026-04-22 20:59:56 | INFO     | orders | Order placed successfully | orderId=13061867818 status=NEW
2026-04-22 20:59:56 | INFO     | cli | Full response: {"orderId": 13061867818, "symbol": "BTCUSDT", "status": "NEW", "clientOrderId": "eI8c16dmv4ItToCYdafYlG", "price": "600000.00", "avgPrice": "0.00", "origQty": "0.0010", "executedQty": "0.0000", "cumQty": "0.0000", "cumQuote": "0.000000", "timeInForce": "GTC", "type": "LIMIT", "reduceOnly": false, "closePosition": false, "side": "SELL", "positionSide": "BOTH", "stopPrice": "0.00", "workingType": "CONTRACT_PRICE", "priceProtect": false, "origType": "LIMIT", "priceMatch": "NONE", "selfTradePreventionMode": "EXPIRE_MAKER", "goodTillDate": 0, "updateTime": 1776871796608}
2026-04-22 21:00:02 | INFO     | orders | Placing SELL LIMIT order | symbol=BTCUSDT qty=0.001 price=700000.0 stop=None
2026-04-22 21:00:02 | DEBUG    | client | POST https://testnet.binancefuture.com/fapi/v1/order  params={'symbol': 'BTCUSDT', 'side': 'SELL', 'type': 'LIMIT', 'quantity': 0.001, 'price': 700000.0, 'timeInForce': 'GTC', 'timestamp': 1776871802449}
2026-04-22 21:00:03 | DEBUG    | client | Response [200]: {"orderId":13061868044,"symbol":"BTCUSDT","status":"NEW","clientOrderId":"NTL7kvuHY8nopaeIE89KgB","price":"700000.00","avgPrice":"0.00","origQty":"0.0010","executedQty":"0.0000","cumQty":"0.0000","cumQuote":"0.000000","timeInForce":"GTC","type":"LIMIT","reduceOnly":false,"closePosition":false,"side":"SELL","positionSide":"BOTH","stopPrice":"0.00","workingType":"CONTRACT_PRICE","priceProtect":false,"origType":"LIMIT","priceMatch":"NONE","selfTradePreventionMode":"EXPIRE_MAKER","goodTillDate":0,"updateTime":1776871802976}
2026-04-22 21:00:03 | INFO     | orders | Order placed successfully | orderId=13061868044 status=NEW
2026-04-22 21:00:03 | INFO     | cli | Full response: {"orderId": 13061868044, "symbol": "BTCUSDT", "status": "NEW", "clientOrderId": "NTL7kvuHY8nopaeIE89KgB", "price": "700000.00", "avgPrice": "0.00", "origQty": "0.0010", "executedQty": "0.0000", "cumQty": "0.0000", "cumQuote": "0.000000", "timeInForce": "GTC", "type": "LIMIT", "reduceOnly": false, "closePosition": false, "side": "SELL", "positionSide": "BOTH", "stopPrice": "0.00", "workingType": "CONTRACT_PRICE", "priceProtect": false, "origType": "LIMIT", "priceMatch": "NONE", "selfTradePreventionMode": "EXPIRE_MAKER", "goodTillDate": 0, "updateTime": 1776871802976}
2026-04-22 21:00:08 | INFO     | orders | Placing SELL LIMIT order | symbol=BTCUSDT qty=0.001 price=800000.0 stop=None
2026-04-22 21:00:08 | DEBUG    | client | POST https://testnet.binancefuture.com/fapi/v1/order  params={'symbol': 'BTCUSDT', 'side': 'SELL', 'type': 'LIMIT', 'quantity': 0.001, 'price': 800000.0, 'timeInForce': 'GTC', 'timestamp': 1776871808618}
2026-04-22 21:00:09 | DEBUG    | client | Response [200]: {"orderId":13061868340,"symbol":"BTCUSDT","status":"NEW","clientOrderId":"dFSbq7MdE46tNGYn6kSwZA","price":"800000.00","avgPrice":"0.00","origQty":"0.0010","executedQty":"0.0000","cumQty":"0.0000","cumQuote":"0.000000","timeInForce":"GTC","type":"LIMIT","reduceOnly":false,"closePosition":false,"side":"SELL","positionSide":"BOTH","stopPrice":"0.00","workingType":"CONTRACT_PRICE","priceProtect":false,"origType":"LIMIT","priceMatch":"NONE","selfTradePreventionMode":"EXPIRE_MAKER","goodTillDate":0,"updateTime":1776871809135}
2026-04-22 21:00:09 | INFO     | orders | Order placed successfully | orderId=13061868340 status=NEW
2026-04-22 21:00:09 | INFO     | cli | Full response: {"orderId": 13061868340, "symbol": "BTCUSDT", "status": "NEW", "clientOrderId": "dFSbq7MdE46tNGYn6kSwZA", "price": "800000.00", "avgPrice": "0.00", "origQty": "0.0010", "executedQty": "0.0000", "cumQty": "0.0000", "cumQuote": "0.000000", "timeInForce": "GTC", "type": "LIMIT", "reduceOnly": false, "closePosition": false, "side": "SELL", "positionSide": "BOTH", "stopPrice": "0.00", "workingType": "CONTRACT_PRICE", "priceProtect": false, "origType": "LIMIT", "priceMatch": "NONE", "selfTradePreventionMode": "EXPIRE_MAKER", "goodTillDate": 0, "updateTime": 1776871809135}
2026-04-22 21:00:16 | INFO     | orders | Placing SELL LIMIT order | symbol=BTCUSDT qty=0.001 price=900000.0 stop=None
2026-04-22 21:00:16 | DEBUG    | client | POST https://testnet.binancefuture.com/fapi/v1/order  params={'symbol': 'BTCUSDT', 'side': 'SELL', 'type': 'LIMIT', 'quantity': 0.001, 'price': 900000.0, 'timeInForce': 'GTC', 'timestamp': 1776871816769}
2026-04-22 21:00:17 | DEBUG    | client | Response [400]: {"code":-4002,"msg":"Price greater than max price."}
2026-04-22 21:00:17 | ERROR    | client | API error -4002: Price greater than max price.
2026-04-22 21:00:17 | ERROR    | cli | API error: Binance API error -4002: Price greater than max price.
2026-04-22 21:01:04 | INFO     | orders | Placing SELL LIMIT order | symbol=BTCUSDT qty=0.001 price=999999.0 stop=None
2026-04-22 21:01:04 | DEBUG    | client | POST https://testnet.binancefuture.com/fapi/v1/order  params={'symbol': 'BTCUSDT', 'side': 'SELL', 'type': 'LIMIT', 'quantity': 0.001, 'price': 999999.0, 'timeInForce': 'GTC', 'timestamp': 1776871864833}
2026-04-22 21:01:05 | DEBUG    | client | Response [400]: {"code":-4002,"msg":"Price greater than max price."}
2026-04-22 21:01:05 | ERROR    | client | API error -4002: Price greater than max price.
2026-04-22 21:01:05 | ERROR    | cli | API error: Binance API error -4002: Price greater than max price.
